#
# There is insufficient memory for the Java Runtime Environment to continue.
# Native memory allocation (malloc) failed to allocate 1466448 bytes for Chunk::new
# Possible reasons:
#   The system is out of physical RAM or swap space
#   The process is running with CompressedOops enabled, and the Java Heap may be blocking the growth of the native heap
# Possible solutions:
#   Reduce memory load on the system
#   Increase physical memory or swap space
#   Check if swap backing store is full
#   Decrease Java heap size (-Xmx/-Xms)
#   Decrease number of Java threads
#   Decrease Java thread stack sizes (-Xss)
#   Set larger code cache with -XX:ReservedCodeCacheSize=
#   JVM is running with Unscaled Compressed Oops mode in which the Java heap is
#     placed in the first 4GB address space. The Java Heap base address is the
#     maximum limit for the native heap growth. Please use -XX:HeapBaseMinAddress
#     to set the Java Heap base and to place the Java Heap above 4GB virtual address.
# This output file may be truncated or incomplete.
#
#  Out of Memory Error (arena.cpp:189), pid=48892, tid=43204
#
# JRE version: OpenJDK Runtime Environment Zulu17.32+13-CA (17.0.2+8) (build 17.0.2+8-LTS)
# Java VM: OpenJDK 64-Bit Server VM Zulu17.32+13-CA (17.0.2+8-LTS, mixed mode, sharing, tiered, compressed oops, compressed class ptrs, g1 gc, windows-amd64)
# No core dump will be written. Minidumps are not enabled by default on client versions of Windows
#

---------------  S U M M A R Y ------------

Command Line: -Dclassworlds.conf=C:\Users\Paty\.m2\wrapper\dists\apache-maven-3.9.9\977a63e90f436cd6ade95b4c0e10c20c\bin\m2.conf -Dmaven.home=C:\Users\Paty\.m2\wrapper\dists\apache-maven-3.9.9\977a63e90f436cd6ade95b4c0e10c20c -Dlibrary.jansi.path=C:\Users\Paty\.m2\wrapper\dists\apache-maven-3.9.9\977a63e90f436cd6ade95b4c0e10c20c\lib\jansi-native -Dmaven.multiModuleProjectDirectory=C:\Users\Paty\conversormoeda org.codehaus.plexus.classworlds.launcher.Launcher spring-boot:run

Host: Intel(R) Core(TM) i3-1005G1 CPU @ 1.20GHz, 4 cores, 3G,  Windows 11 , 64 bit Build 22621 (10.0.22621.5262)
Time: Sun May 11 21:19:34 2025 Hora oficial do Brasil elapsed time: 11.024547 seconds (0d 0h 0m 11s)

---------------  T H R E A D  ---------------

Current thread (0x000001fbbc40e310):  JavaThread "C2 CompilerThread0" daemon [_thread_in_native, id=43204, stack(0x0000006b22d00000,0x0000006b22e00000)]


Current CompileTask:
C2:  11024 3630   !   4       org.codehaus.plexus.interpolation.StringSearchInterpolator::interpolate (668 bytes)

Stack: [0x0000006b22d00000,0x0000006b22e00000]
Native frames: (J=compiled Java code, j=interpreted, Vv=VM code, C=native code)
V  [jvm.dll+0x6769fa]
V  [jvm.dll+0x831784]
V  [jvm.dll+0x832f2e]
V  [jvm.dll+0x833593]
V  [jvm.dll+0x2455e5]
V  [jvm.dll+0xabf1b]
V  [jvm.dll+0xac4ac]
V  [jvm.dll+0x3635f7]
V  [jvm.dll+0x1bbb12]
V  [jvm.dll+0x218689]
V  [jvm.dll+0x217951]
V  [jvm.dll+0x1a3e2d]
V  [jvm.dll+0x2272d8]
V  [jvm.dll+0x22542c]
V  [jvm.dll+0x7e701c]
V  [jvm.dll+0x7e15ca]
V  [jvm.dll+0x675885]
C  [ucrtbase.dll+0x29333]
C  [KERNEL32.DLL+0x1259d]
C  [ntdll.dll+0x5af58]


---------------  P R O C E S S  ---------------

Threads class SMR info:
_java_thread_list=0x000001fbd8768720, length=13, elements={
0x000001fbbc344830, 0x000001fbbc3f2160, 0x000001fbbc3f4120, 0x000001fbbc407800,
0x000001fbbc40a2c0, 0x000001fbbc40cc80, 0x000001fbbc40d630, 0x000001fbbc40e310,
0x000001fbd766fbb0, 0x000001fbd76780b0, 0x000001fbd81c6300, 0x000001fbd81ceee0,
0x000001fbd8db9e50
}

Java Threads: ( => current thread )
  0x000001fbbc344830 JavaThread "main" [_thread_in_Java, id=27840, stack(0x0000006b22000000,0x0000006b22100000)]
  0x000001fbbc3f2160 JavaThread "Reference Handler" daemon [_thread_blocked, id=29692, stack(0x0000006b22700000,0x0000006b22800000)]
  0x000001fbbc3f4120 JavaThread "Finalizer" daemon [_thread_blocked, id=43256, stack(0x0000006b22800000,0x0000006b22900000)]
  0x000001fbbc407800 JavaThread "Signal Dispatcher" daemon [_thread_blocked, id=50824, stack(0x0000006b22900000,0x0000006b22a00000)]
  0x000001fbbc40a2c0 JavaThread "Attach Listener" daemon [_thread_blocked, id=37960, stack(0x0000006b22a00000,0x0000006b22b00000)]
  0x000001fbbc40cc80 JavaThread "Service Thread" daemon [_thread_blocked, id=50320, stack(0x0000006b22b00000,0x0000006b22c00000)]
  0x000001fbbc40d630 JavaThread "Monitor Deflation Thread" daemon [_thread_blocked, id=36844, stack(0x0000006b22c00000,0x0000006b22d00000)]
=>0x000001fbbc40e310 JavaThread "C2 CompilerThread0" daemon [_thread_in_native, id=43204, stack(0x0000006b22d00000,0x0000006b22e00000)]
  0x000001fbd766fbb0 JavaThread "C1 CompilerThread0" daemon [_thread_blocked, id=3492, stack(0x0000006b22e00000,0x0000006b22f00000)]
  0x000001fbd76780b0 JavaThread "Sweeper thread" daemon [_thread_blocked, id=37568, stack(0x0000006b22f00000,0x0000006b23000000)]
  0x000001fbd81c6300 JavaThread "Notification Thread" daemon [_thread_blocked, id=50064, stack(0x0000006b23000000,0x0000006b23100000)]
  0x000001fbd81ceee0 JavaThread "Common-Cleaner" daemon [_thread_blocked, id=48984, stack(0x0000006b23200000,0x0000006b23300000)]
  0x000001fbd8db9e50 JavaThread "Thread-1" daemon [_thread_blocked, id=44916, stack(0x0000006b23600000,0x0000006b23700000)]

Other Threads:
  0x000001fbbc3ebf10 VMThread "VM Thread" [stack: 0x0000006b22600000,0x0000006b22700000] [id=47524]
  0x000001fbd81c6be0 WatcherThread [stack: 0x0000006b23100000,0x0000006b23200000] [id=35752]
  0x000001fbbc3711b0 GCTaskThread "GC Thread#0" [stack: 0x0000006b22100000,0x0000006b22200000] [id=49332]
  0x000001fbd8996360 GCTaskThread "GC Thread#1" [stack: 0x0000006b23300000,0x0000006b23400000] [id=42768]
  0x000001fbd89f6580 GCTaskThread "GC Thread#2" [stack: 0x0000006b23400000,0x0000006b23500000] [id=44160]
  0x000001fbd89f6830 GCTaskThread "GC Thread#3" [stack: 0x0000006b23500000,0x0000006b23600000] [id=44292]
  0x000001fbbc37b9d0 ConcurrentGCThread "G1 Main Marker" [stack: 0x0000006b22200000,0x0000006b22300000] [id=46220]
  0x000001fbbc37cb80 ConcurrentGCThread "G1 Conc#0" [stack: 0x0000006b22300000,0x0000006b22400000] [id=39272]
  0x000001fbbc3b7720 ConcurrentGCThread "G1 Refine#0" [stack: 0x0000006b22400000,0x0000006b22500000] [id=26828]
  0x000001fbbc3b8140 ConcurrentGCThread "G1 Service" [stack: 0x0000006b22500000,0x0000006b22600000] [id=28940]

Threads with active compile tasks:
C2 CompilerThread0    11094 3630   !   4       org.codehaus.plexus.interpolation.StringSearchInterpolator::interpolate (668 bytes)

VM state: not at safepoint (normal execution)

VM Mutex/Monitor currently owned by a thread: None

Heap address: 0x00000000c3a00000, size: 966 MB, Compressed Oops mode: 32-bit

CDS archive(s) mapped at: [0x0000000800000000-0x0000000800bc0000-0x0000000800bc0000), size 12320768, SharedBaseAddress: 0x0000000800000000, ArchiveRelocationMode: 0.
Compressed class space mapped at: 0x0000000800c00000-0x0000000840c00000, reserved size: 1073741824
Narrow klass base: 0x0000000800000000, Narrow klass shift: 0, Narrow klass range: 0x100000000

GC Precious Log:
 CPUs: 4 total, 4 available
 Memory: 3862M
 Large Page Support: Disabled
 NUMA Support: Disabled
 Compressed Oops: Enabled (32-bit)
 Heap Region Size: 1M
 Heap Min Capacity: 8M
 Heap Initial Capacity: 62M
 Heap Max Capacity: 966M
 Pre-touch: Disabled
 Parallel Workers: 4
 Concurrent Workers: 1
 Concurrent Refinement Workers: 4
 Periodic GC: Disabled

Heap:
 garbage-first heap   total 63488K, used 20883K [0x00000000c3a00000, 0x0000000100000000)
  region size 1024K, 13 young (13312K), 4 survivors (4096K)
 Metaspace       used 15968K, committed 16192K, reserved 1064960K
  class space    used 1905K, committed 1984K, reserved 1048576K

Heap Regions: E=young(eden), S=young(survivor), O=old, HS=humongous(starts), HC=humongous(continues), CS=collection set, F=free, OA=open archive, CA=closed archive, TAMS=top-at-mark-start (previous, next)
|   0|0x00000000c3a00000, 0x00000000c3b00000, 0x00000000c3b00000|100%| O|  |TAMS 0x00000000c3a00000, 0x00000000c3a00000| Untracked 
|   1|0x00000000c3b00000, 0x00000000c3c00000, 0x00000000c3c00000|100%| O|  |TAMS 0x00000000c3b00000, 0x00000000c3b00000| Untracked 
|   2|0x00000000c3c00000, 0x00000000c3d00000, 0x00000000c3d00000|100%| O|  |TAMS 0x00000000c3c00000, 0x00000000c3c00000| Untracked 
|   3|0x00000000c3d00000, 0x00000000c3e00000, 0x00000000c3e00000|100%| O|  |TAMS 0x00000000c3d00000, 0x00000000c3d00000| Untracked 
|   4|0x00000000c3e00000, 0x00000000c3f00000, 0x00000000c3f00000|100%| O|  |TAMS 0x00000000c3e00000, 0x00000000c3e00000| Untracked 
|   5|0x00000000c3f00000, 0x00000000c4000000, 0x00000000c4000000|100%| O|  |TAMS 0x00000000c3f00000, 0x00000000c3f00000| Untracked 
|   6|0x00000000c4000000, 0x00000000c4100000, 0x00000000c4100000|100%| O|  |TAMS 0x00000000c4000000, 0x00000000c4000000| Untracked 
|   7|0x00000000c4100000, 0x00000000c4200000, 0x00000000c4200000|100%| O|  |TAMS 0x00000000c4100000, 0x00000000c4100000| Untracked 
|   8|0x00000000c4200000, 0x00000000c4294200, 0x00000000c4300000| 57%| O|  |TAMS 0x00000000c4200000, 0x00000000c4200000| Untracked 
|   9|0x00000000c4300000, 0x00000000c4300000, 0x00000000c4400000|  0%| F|  |TAMS 0x00000000c4300000, 0x00000000c4300000| Untracked 
|  10|0x00000000c4400000, 0x00000000c4400000, 0x00000000c4500000|  0%| F|  |TAMS 0x00000000c4400000, 0x00000000c4400000| Untracked 
|  11|0x00000000c4500000, 0x00000000c4500000, 0x00000000c4600000|  0%| F|  |TAMS 0x00000000c4500000, 0x00000000c4500000| Untracked 
|  12|0x00000000c4600000, 0x00000000c4600000, 0x00000000c4700000|  0%| F|  |TAMS 0x00000000c4600000, 0x00000000c4600000| Untracked 
|  13|0x00000000c4700000, 0x00000000c4700000, 0x00000000c4800000|  0%| F|  |TAMS 0x00000000c4700000, 0x00000000c4700000| Untracked 
|  14|0x00000000c4800000, 0x00000000c4800000, 0x00000000c4900000|  0%| F|  |TAMS 0x00000000c4800000, 0x00000000c4800000| Untracked 
|  15|0x00000000c4900000, 0x00000000c4900000, 0x00000000c4a00000|  0%| F|  |TAMS 0x00000000c4900000, 0x00000000c4900000| Untracked 
|  16|0x00000000c4a00000, 0x00000000c4a00000, 0x00000000c4b00000|  0%| F|  |TAMS 0x00000000c4a00000, 0x00000000c4a00000| Untracked 
|  17|0x00000000c4b00000, 0x00000000c4b00000, 0x00000000c4c00000|  0%| F|  |TAMS 0x00000000c4b00000, 0x00000000c4b00000| Untracked 
|  18|0x00000000c4c00000, 0x00000000c4c00000, 0x00000000c4d00000|  0%| F|  |TAMS 0x00000000c4c00000, 0x00000000c4c00000| Untracked 
|  19|0x00000000c4d00000, 0x00000000c4d00000, 0x00000000c4e00000|  0%| F|  |TAMS 0x00000000c4d00000, 0x00000000c4d00000| Untracked 
|  20|0x00000000c4e00000, 0x00000000c4e00000, 0x00000000c4f00000|  0%| F|  |TAMS 0x00000000c4e00000, 0x00000000c4e00000| Untracked 
|  21|0x00000000c4f00000, 0x00000000c4f00000, 0x00000000c5000000|  0%| F|  |TAMS 0x00000000c4f00000, 0x00000000c4f00000| Untracked 
|  22|0x00000000c5000000, 0x00000000c5000000, 0x00000000c5100000|  0%| F|  |TAMS 0x00000000c5000000, 0x00000000c5000000| Untracked 
|  23|0x00000000c5100000, 0x00000000c5100000, 0x00000000c5200000|  0%| F|  |TAMS 0x00000000c5100000, 0x00000000c5100000| Untracked 
|  24|0x00000000c5200000, 0x00000000c5200000, 0x00000000c5300000|  0%| F|  |TAMS 0x00000000c5200000, 0x00000000c5200000| Untracked 
|  25|0x00000000c5300000, 0x00000000c5300000, 0x00000000c5400000|  0%| F|  |TAMS 0x00000000c5300000, 0x00000000c5300000| Untracked 
|  26|0x00000000c5400000, 0x00000000c54d0b20, 0x00000000c5500000| 81%| S|CS|TAMS 0x00000000c5400000, 0x00000000c5400000| Complete 
|  27|0x00000000c5500000, 0x00000000c5600000, 0x00000000c5600000|100%| S|CS|TAMS 0x00000000c5500000, 0x00000000c5500000| Complete 
|  28|0x00000000c5600000, 0x00000000c5700000, 0x00000000c5700000|100%| S|CS|TAMS 0x00000000c5600000, 0x00000000c5600000| Complete 
|  29|0x00000000c5700000, 0x00000000c5800000, 0x00000000c5800000|100%| S|CS|TAMS 0x00000000c5700000, 0x00000000c5700000| Complete 
|  30|0x00000000c5800000, 0x00000000c5800000, 0x00000000c5900000|  0%| F|  |TAMS 0x00000000c5800000, 0x00000000c5800000| Untracked 
|  31|0x00000000c5900000, 0x00000000c5900000, 0x00000000c5a00000|  0%| F|  |TAMS 0x00000000c5900000, 0x00000000c5900000| Untracked 
|  32|0x00000000c5a00000, 0x00000000c5a00000, 0x00000000c5b00000|  0%| F|  |TAMS 0x00000000c5a00000, 0x00000000c5a00000| Untracked 
|  33|0x00000000c5b00000, 0x00000000c5b00000, 0x00000000c5c00000|  0%| F|  |TAMS 0x00000000c5b00000, 0x00000000c5b00000| Untracked 
|  34|0x00000000c5c00000, 0x00000000c5c00000, 0x00000000c5d00000|  0%| F|  |TAMS 0x00000000c5c00000, 0x00000000c5c00000| Untracked 
|  35|0x00000000c5d00000, 0x00000000c5d00000, 0x00000000c5e00000|  0%| F|  |TAMS 0x00000000c5d00000, 0x00000000c5d00000| Untracked 
|  36|0x00000000c5e00000, 0x00000000c5e00000, 0x00000000c5f00000|  0%| F|  |TAMS 0x00000000c5e00000, 0x00000000c5e00000| Untracked 
|  37|0x00000000c5f00000, 0x00000000c5f00000, 0x00000000c6000000|  0%| F|  |TAMS 0x00000000c5f00000, 0x00000000c5f00000| Untracked 
|  38|0x00000000c6000000, 0x00000000c6000000, 0x00000000c6100000|  0%| F|  |TAMS 0x00000000c6000000, 0x00000000c6000000| Untracked 
|  39|0x00000000c6100000, 0x00000000c6100000, 0x00000000c6200000|  0%| F|  |TAMS 0x00000000c6100000, 0x00000000c6100000| Untracked 
|  40|0x00000000c6200000, 0x00000000c6200000, 0x00000000c6300000|  0%| F|  |TAMS 0x00000000c6200000, 0x00000000c6200000| Untracked 
|  41|0x00000000c6300000, 0x00000000c6300000, 0x00000000c6400000|  0%| F|  |TAMS 0x00000000c6300000, 0x00000000c6300000| Untracked 
|  42|0x00000000c6400000, 0x00000000c6400000, 0x00000000c6500000|  0%| F|  |TAMS 0x00000000c6400000, 0x00000000c6400000| Untracked 
|  43|0x00000000c6500000, 0x00000000c6500000, 0x00000000c6600000|  0%| F|  |TAMS 0x00000000c6500000, 0x00000000c6500000| Untracked 
|  44|0x00000000c6600000, 0x00000000c6600000, 0x00000000c6700000|  0%| F|  |TAMS 0x00000000c6600000, 0x00000000c6600000| Untracked 
|  45|0x00000000c6700000, 0x00000000c6700000, 0x00000000c6800000|  0%| F|  |TAMS 0x00000000c6700000, 0x00000000c6700000| Untracked 
|  46|0x00000000c6800000, 0x00000000c6800000, 0x00000000c6900000|  0%| F|  |TAMS 0x00000000c6800000, 0x00000000c6800000| Untracked 
|  47|0x00000000c6900000, 0x00000000c6900000, 0x00000000c6a00000|  0%| F|  |TAMS 0x00000000c6900000, 0x00000000c6900000| Untracked 
|  48|0x00000000c6a00000, 0x00000000c6a00000, 0x00000000c6b00000|  0%| F|  |TAMS 0x00000000c6a00000, 0x00000000c6a00000| Untracked 
|  49|0x00000000c6b00000, 0x00000000c6b00000, 0x00000000c6c00000|  0%| F|  |TAMS 0x00000000c6b00000, 0x00000000c6b00000| Untracked 
|  50|0x00000000c6c00000, 0x00000000c6c00000, 0x00000000c6d00000|  0%| F|  |TAMS 0x00000000c6c00000, 0x00000000c6c00000| Untracked 
|  51|0x00000000c6d00000, 0x00000000c6d00000, 0x00000000c6e00000|  0%| F|  |TAMS 0x00000000c6d00000, 0x00000000c6d00000| Untracked 
|  52|0x00000000c6e00000, 0x00000000c6e00000, 0x00000000c6f00000|  0%| F|  |TAMS 0x00000000c6e00000, 0x00000000c6e00000| Untracked 
|  53|0x00000000c6f00000, 0x00000000c6f80e18, 0x00000000c7000000| 50%| E|  |TAMS 0x00000000c6f00000, 0x00000000c6f00000| Complete 
|  54|0x00000000c7000000, 0x00000000c7100000, 0x00000000c7100000|100%| E|CS|TAMS 0x00000000c7000000, 0x00000000c7000000| Complete 
|  55|0x00000000c7100000, 0x00000000c7200000, 0x00000000c7200000|100%| E|CS|TAMS 0x00000000c7100000, 0x00000000c7100000| Complete 
|  56|0x00000000c7200000, 0x00000000c7300000, 0x00000000c7300000|100%| E|CS|TAMS 0x00000000c7200000, 0x00000000c7200000| Complete 
|  57|0x00000000c7300000, 0x00000000c7400000, 0x00000000c7400000|100%| E|CS|TAMS 0x00000000c7300000, 0x00000000c7300000| Complete 
|  58|0x00000000c7400000, 0x00000000c7500000, 0x00000000c7500000|100%| E|CS|TAMS 0x00000000c7400000, 0x00000000c7400000| Complete 
|  59|0x00000000c7500000, 0x00000000c7600000, 0x00000000c7600000|100%| E|CS|TAMS 0x00000000c7500000, 0x00000000c7500000| Complete 
|  60|0x00000000c7600000, 0x00000000c7700000, 0x00000000c7700000|100%| E|CS|TAMS 0x00000000c7600000, 0x00000000c7600000| Complete 
|  61|0x00000000c7700000, 0x00000000c7800000, 0x00000000c7800000|100%| E|CS|TAMS 0x00000000c7700000, 0x00000000c7700000| Complete 

Card table byte_map: [0x000001fbd3000000,0x000001fbd31f0000] _byte_map_base: 0x000001fbd29e3000

Marking Bits (Prev, Next): (CMBitMap*) 0x000001fbbc3737e0, (CMBitMap*) 0x000001fbbc373820
 Prev Bits: [0x000001fbd33e0000, 0x000001fbd42f8000)
 Next Bits: [0x000001fbd4300000, 0x000001fbd5218000)

Polling page: 0x000001fbbbb10000

Metaspace:

Usage:
  Non-class:     13.74 MB used.
      Class:      1.86 MB used.
       Both:     15.60 MB used.

Virtual space:
  Non-class space:       16.00 MB reserved,      13.88 MB ( 87%) committed,  2 nodes.
      Class space:        1.00 GB reserved,       1.94 MB ( <1%) committed,  1 nodes.
             Both:        1.02 GB reserved,      15.81 MB (  2%) committed. 

Chunk freelists:
   Non-Class:  1.68 MB
       Class:  1.91 MB
        Both:  3.59 MB

MaxMetaspaceSize: unlimited
CompressedClassSpaceSize: 1.00 GB
Initial GC threshold: 21.00 MB
Current GC threshold: 21.00 MB
CDS: on
MetaspaceReclaimPolicy: balanced
 - commit_granule_bytes: 65536.
 - commit_granule_words: 8192.
 - virtual_space_node_default_size: 1048576.
 - enlarge_chunks_in_place: 1.
 - new_chunks_are_fully_committed: 0.
 - uncommit_free_chunks: 1.
 - use_allocation_guard: 0.
 - handle_deallocations: 1.


Internal statistics:

num_allocs_failed_limit: 0.
num_arena_births: 106.
num_arena_deaths: 0.
num_vsnodes_births: 3.
num_vsnodes_deaths: 0.
num_space_committed: 253.
num_space_uncommitted: 0.
num_chunks_returned_to_freelist: 0.
num_chunks_taken_from_freelist: 659.
num_chunk_merges: 0.
num_chunk_splits: 445.
num_chunks_enlarged: 363.
num_purges: 0.
num_inconsistent_stats: 0.

CodeHeap 'non-profiled nmethods': size=120000Kb used=1751Kb max_used=1751Kb free=118248Kb
 bounds [0x000001fbcb8e0000, 0x000001fbcbb50000, 0x000001fbd2e10000]
CodeHeap 'profiled nmethods': size=120000Kb used=7776Kb max_used=7776Kb free=112223Kb
 bounds [0x000001fbc43b0000, 0x000001fbc4b50000, 0x000001fbcb8e0000]
CodeHeap 'non-nmethods': size=5760Kb used=1191Kb max_used=1224Kb free=4568Kb
 bounds [0x000001fbc3e10000, 0x000001fbc4080000, 0x000001fbc43b0000]
 total_blobs=4212 nmethods=3742 adapters=382
 compilation: enabled
              stopped_count=0, restarted_count=0
 full_count=0

Compilation events (20 events):
Event: 10.939 Thread 0x000001fbd766fbb0 nmethod 3722 0x000001fbc4b39510 code [0x000001fbc4b396c0, 0x000001fbc4b39808]
Event: 10.939 Thread 0x000001fbd766fbb0 3723       3       java.util.ArrayDeque::dec (13 bytes)
Event: 10.939 Thread 0x000001fbd766fbb0 nmethod 3723 0x000001fbc4b39890 code [0x000001fbc4b39a20, 0x000001fbc4b39b58]
Event: 10.943 Thread 0x000001fbd766fbb0 3724       3       java.util.ArrayDeque::pop (5 bytes)
Event: 10.943 Thread 0x000001fbd766fbb0 nmethod 3724 0x000001fbc4b39c10 code [0x000001fbc4b39de0, 0x000001fbc4b3a0b8]
Event: 10.943 Thread 0x000001fbd766fbb0 3725       3       java.util.ArrayDeque::removeFirst (19 bytes)
Event: 10.943 Thread 0x000001fbd766fbb0 nmethod 3725 0x000001fbc4b3a210 code [0x000001fbc4b3a3c0, 0x000001fbc4b3a618]
Event: 10.950 Thread 0x000001fbd766fbb0 3727       3       org.apache.maven.model.inheritance.DefaultInheritanceAssembler$InheritanceModelMerger::concatPath (105 bytes)
Event: 10.951 Thread 0x000001fbd766fbb0 nmethod 3727 0x000001fbc4b3a710 code [0x000001fbc4b3aa00, 0x000001fbc4b3b9f8]
Event: 10.951 Thread 0x000001fbd766fbb0 3728       1       org.apache.maven.model.Parent::setVersion (6 bytes)
Event: 10.952 Thread 0x000001fbd766fbb0 nmethod 3728 0x000001fbcba93e10 code [0x000001fbcba93fa0, 0x000001fbcba940b8]
Event: 10.952 Thread 0x000001fbd766fbb0 3729       1       org.eclipse.aether.resolution.ArtifactDescriptorRequest::getArtifact (5 bytes)
Event: 10.952 Thread 0x000001fbd766fbb0 nmethod 3729 0x000001fbcba94110 code [0x000001fbcba942a0, 0x000001fbcba94378]
Event: 10.955 Thread 0x000001fbd766fbb0 3730       3       org.eclipse.sisu.wire.EntryMapAdapter$EntrySet::iterator (10 bytes)
Event: 10.955 Thread 0x000001fbd766fbb0 nmethod 3730 0x000001fbc4b3c090 code [0x000001fbc4b3c240, 0x000001fbc4b3c408]
Event: 10.957 Thread 0x000001fbd766fbb0 3731   !   3       org.apache.maven.model.profile.DefaultProfileSelector::isActive (200 bytes)
Event: 10.958 Thread 0x000001fbd766fbb0 nmethod 3731 0x000001fbc4b3c510 code [0x000001fbc4b3c8a0, 0x000001fbc4b3dee8]
Event: 10.960 Thread 0x000001fbd766fbb0 3732       3       org.apache.maven.model.merge.ModelMerger::mergePlugin (64 bytes)
Event: 10.961 Thread 0x000001fbd766fbb0 nmethod 3732 0x000001fbc4b3e690 code [0x000001fbc4b3e880, 0x000001fbc4b3ef28]
Event: 10.961 Thread 0x000001fbd766fbb0 3733       1       org.eclipse.aether.resolution.ArtifactDescriptorResult::getDependencies (5 bytes)

GC Heap History (10 events):
Event: 1.531 GC heap before
{Heap before GC invocations=0 (full 0):
 garbage-first heap   total 63488K, used 13312K [0x00000000c3a00000, 0x0000000100000000)
  region size 1024K, 13 young (13312K), 0 survivors (0K)
 Metaspace       used 3562K, committed 3712K, reserved 1056768K
  class space    used 378K, committed 448K, reserved 1048576K
}
Event: 1.598 GC heap after
{Heap after GC invocations=1 (full 0):
 garbage-first heap   total 63488K, used 3136K [0x00000000c3a00000, 0x0000000100000000)
  region size 1024K, 2 young (2048K), 2 survivors (2048K)
 Metaspace       used 3562K, committed 3712K, reserved 1056768K
  class space    used 378K, committed 448K, reserved 1048576K
}
Event: 2.486 GC heap before
{Heap before GC invocations=1 (full 0):
 garbage-first heap   total 63488K, used 16448K [0x00000000c3a00000, 0x0000000100000000)
  region size 1024K, 15 young (15360K), 2 survivors (2048K)
 Metaspace       used 5786K, committed 5952K, reserved 1056768K
  class space    used 696K, committed 768K, reserved 1048576K
}
Event: 2.491 GC heap after
{Heap after GC invocations=2 (full 0):
 garbage-first heap   total 63488K, used 4059K [0x00000000c3a00000, 0x0000000100000000)
  region size 1024K, 1 young (1024K), 1 survivors (1024K)
 Metaspace       used 5786K, committed 5952K, reserved 1056768K
  class space    used 696K, committed 768K, reserved 1048576K
}
Event: 4.412 GC heap before
{Heap before GC invocations=2 (full 0):
 garbage-first heap   total 63488K, used 27611K [0x00000000c3a00000, 0x0000000100000000)
  region size 1024K, 25 young (25600K), 1 survivors (1024K)
 Metaspace       used 9292K, committed 9472K, reserved 1064960K
  class space    used 1122K, committed 1216K, reserved 1048576K
}
Event: 4.417 GC heap after
{Heap after GC invocations=3 (full 0):
 garbage-first heap   total 63488K, used 5181K [0x00000000c3a00000, 0x0000000100000000)
  region size 1024K, 2 young (2048K), 2 survivors (2048K)
 Metaspace       used 9292K, committed 9472K, reserved 1064960K
  class space    used 1122K, committed 1216K, reserved 1048576K
}
Event: 8.221 GC heap before
{Heap before GC invocations=3 (full 0):
 garbage-first heap   total 63488K, used 41021K [0x00000000c3a00000, 0x0000000100000000)
  region size 1024K, 37 young (37888K), 2 survivors (2048K)
 Metaspace       used 14837K, committed 15040K, reserved 1064960K
  class space    used 1795K, committed 1856K, reserved 1048576K
}
Event: 8.235 GC heap after
{Heap after GC invocations=4 (full 0):
 garbage-first heap   total 63488K, used 9010K [0x00000000c3a00000, 0x0000000100000000)
  region size 1024K, 5 young (5120K), 5 survivors (5120K)
 Metaspace       used 14837K, committed 15040K, reserved 1064960K
  class space    used 1795K, committed 1856K, reserved 1048576K
}
Event: 10.790 GC heap before
{Heap before GC invocations=4 (full 0):
 garbage-first heap   total 63488K, used 41778K [0x00000000c3a00000, 0x0000000100000000)
  region size 1024K, 37 young (37888K), 5 survivors (5120K)
 Metaspace       used 15625K, committed 15872K, reserved 1064960K
  class space    used 1862K, committed 1984K, reserved 1048576K
}
Event: 10.809 GC heap after
{Heap after GC invocations=5 (full 0):
 garbage-first heap   total 63488K, used 12691K [0x00000000c3a00000, 0x0000000100000000)
  region size 1024K, 4 young (4096K), 4 survivors (4096K)
 Metaspace       used 15625K, committed 15872K, reserved 1064960K
  class space    used 1862K, committed 1984K, reserved 1048576K
}

Deoptimization events (20 events):
Event: 10.561 Thread 0x000001fbbc344830 Uncommon trap: trap_request=0xffffffde fr.pc=0x000001fbcb922614 relative=0x0000000000000f74
Event: 10.561 Thread 0x000001fbbc344830 Uncommon trap: reason=class_check action=maybe_recompile pc=0x000001fbcb922614 method=java.util.concurrent.ConcurrentHashMap.putVal(Ljava/lang/Object;Ljava/lang/Object;Z)Ljava/lang/Object; @ 242 c2
Event: 10.561 Thread 0x000001fbbc344830 DEOPT PACKING pc=0x000001fbcb922614 sp=0x0000006b220fc0f0
Event: 10.561 Thread 0x000001fbbc344830 DEOPT UNPACKING pc=0x000001fbc3e65c23 sp=0x0000006b220fc060 mode 2
Event: 10.600 Thread 0x000001fbbc344830 DEOPT PACKING pc=0x000001fbc4ad21ad sp=0x0000006b220fb960
Event: 10.600 Thread 0x000001fbbc344830 DEOPT UNPACKING pc=0x000001fbc3e66763 sp=0x0000006b220fae70 mode 0
Event: 10.612 Thread 0x000001fbbc344830 DEOPT PACKING pc=0x000001fbc4ad21ad sp=0x0000006b220fb7c0
Event: 10.612 Thread 0x000001fbbc344830 DEOPT UNPACKING pc=0x000001fbc3e66763 sp=0x0000006b220facc8 mode 0
Event: 10.617 Thread 0x000001fbbc344830 DEOPT PACKING pc=0x000001fbc4ad21ad sp=0x0000006b220fb690
Event: 10.617 Thread 0x000001fbbc344830 DEOPT UNPACKING pc=0x000001fbc3e66763 sp=0x0000006b220fab98 mode 0
Event: 10.618 Thread 0x000001fbbc344830 Uncommon trap: trap_request=0xffffff45 fr.pc=0x000001fbcba89050 relative=0x0000000000000050
Event: 10.618 Thread 0x000001fbbc344830 Uncommon trap: reason=unstable_if action=reinterpret pc=0x000001fbcba89050 method=org.codehaus.plexus.util.xml.pull.MXParser.isValidCodePoint(I)Z @ 3 c2
Event: 10.618 Thread 0x000001fbbc344830 DEOPT PACKING pc=0x000001fbcba89050 sp=0x0000006b220fb6f0
Event: 10.618 Thread 0x000001fbbc344830 DEOPT UNPACKING pc=0x000001fbc3e65c23 sp=0x0000006b220fb680 mode 2
Event: 10.622 Thread 0x000001fbbc344830 Uncommon trap: trap_request=0xffffff45 fr.pc=0x000001fbcba7f794 relative=0x0000000000000334
Event: 10.622 Thread 0x000001fbbc344830 Uncommon trap: reason=unstable_if action=reinterpret pc=0x000001fbcba7f794 method=org.apache.maven.model.ConfigurationContainer.getLocation(Ljava/lang/Object;)Lorg/apache/maven/model/InputLocation; @ 18 c2
Event: 10.622 Thread 0x000001fbbc344830 DEOPT PACKING pc=0x000001fbcba7f794 sp=0x0000006b220fb530
Event: 10.622 Thread 0x000001fbbc344830 DEOPT UNPACKING pc=0x000001fbc3e65c23 sp=0x0000006b220fb4d0 mode 2
Event: 10.828 Thread 0x000001fbbc344830 DEOPT PACKING pc=0x000001fbc4ad21ad sp=0x0000006b220fb440
Event: 10.828 Thread 0x000001fbbc344830 DEOPT UNPACKING pc=0x000001fbc3e66763 sp=0x0000006b220fa950 mode 0

Classes unloaded (0 events):
No events

Classes redefined (0 events):
No events

Internal exceptions (20 events):
Event: 1.854 Thread 0x000001fbbc344830 Exception <a 'java/lang/NoSuchMethodError'{0x00000000c7564e28}: 'int java.lang.invoke.DirectMethodHandle$Holder.invokeSpecialIFC(java.lang.Object, java.lang.Object, java.lang.Object, java.lang.Object, java.lang.Object)'> (0x00000000c7564e28) 
thrown [c:\jenkins\workspace\zulu17-build-win64\zulu-src.git\src\hotspot\share\interpreter\linkResolver.cpp, line 766]
Event: 1.978 Thread 0x000001fbbc344830 Exception <a 'java/lang/NoSuchMethodError'{0x00000000c7316df0}: 'java.lang.Object java.lang.invoke.DirectMethodHandle$Holder.newInvokeSpecial(java.lang.Object, java.lang.Object, java.lang.Object, java.lang.Object, java.lang.Object)'> (0x00000000c7316df0) 
thrown [c:\jenkins\workspace\zulu17-build-win64\zulu-src.git\src\hotspot\share\interpreter\linkResolver.cpp, line 766]
Event: 2.041 Thread 0x000001fbbc344830 Exception <a 'java/lang/NoSuchMethodError'{0x00000000c7223198}: 'int java.lang.invoke.DirectMethodHandle$Holder.invokeStaticInit(java.lang.Object, java.lang.Object)'> (0x00000000c7223198) 
thrown [c:\jenkins\workspace\zulu17-build-win64\zulu-src.git\src\hotspot\share\interpreter\linkResolver.cpp, line 766]
Event: 2.061 Thread 0x000001fbbc344830 Exception <a 'java/lang/NoClassDefFoundError'{0x00000000c725ca30}: javax/enterprise/inject/Typed> (0x00000000c725ca30) 
thrown [c:\jenkins\workspace\zulu17-build-win64\zulu-src.git\src\hotspot\share\classfile\systemDictionary.cpp, line 245]
Event: 4.868 Thread 0x000001fbbc344830 Exception <a 'java/lang/NoSuchMethodError'{0x00000000c72f11f0}: 'void java.lang.invoke.DirectMethodHandle$Holder.invokeStaticInit(java.lang.Object, java.lang.Object, java.lang.Object)'> (0x00000000c72f11f0) 
thrown [c:\jenkins\workspace\zulu17-build-win64\zulu-src.git\src\hotspot\share\interpreter\linkResolver.cpp, line 766]
Event: 4.883 Thread 0x000001fbbc344830 Exception <a 'java/lang/ExceptionInInitializerError'{0x00000000c711d978}> (0x00000000c711d978) 
thrown [c:\jenkins\workspace\zulu17-build-win64\zulu-src.git\src\hotspot\share\oops\instanceKlass.cpp, line 1163]
Event: 4.956 Thread 0x000001fbbc344830 Implicit null exception at 0x000001fbcb9552af to 0x000001fbcb95540c
Event: 4.960 Thread 0x000001fbbc344830 Exception <a 'java/lang/NoSuchMethodError'{0x00000000c7031c40}: 'java.lang.Object java.lang.invoke.Invokers$Holder.invokeExact_MT(java.lang.Object, int, java.lang.Object)'> (0x00000000c7031c40) 
thrown [c:\jenkins\workspace\zulu17-build-win64\zulu-src.git\src\hotspot\share\interpreter\linkResolver.cpp, line 766]
Event: 4.985 Thread 0x000001fbbc344830 Exception <a 'java/lang/NoSuchMethodError'{0x00000000c70ba5a0}: 'int java.lang.invoke.DirectMethodHandle$Holder.invokeSpecial(java.lang.Object, java.lang.Object, java.lang.Object, java.lang.Object)'> (0x00000000c70ba5a0) 
thrown [c:\jenkins\workspace\zulu17-build-win64\zulu-src.git\src\hotspot\share\interpreter\linkResolver.cpp, line 766]
Event: 5.806 Thread 0x000001fbbc344830 Exception <a 'java/lang/NoClassDefFoundError'{0x00000000c68edc30}: com/google/inject/servlet/ServletModuleTargetVisitor> (0x00000000c68edc30) 
thrown [c:\jenkins\workspace\zulu17-build-win64\zulu-src.git\src\hotspot\share\classfile\systemDictionary.cpp, line 245]
Event: 5.960 Thread 0x000001fbbc344830 Exception <a 'java/lang/NoSuchMethodError'{0x00000000c6684410}: 'void java.lang.invoke.DirectMethodHandle$Holder.invokeVirtual(java.lang.Object, java.lang.Object)'> (0x00000000c6684410) 
thrown [c:\jenkins\workspace\zulu17-build-win64\zulu-src.git\src\hotspot\share\interpreter\linkResolver.cpp, line 766]
Event: 6.016 Thread 0x000001fbbc344830 Exception <a 'java/lang/NoSuchMethodError'{0x00000000c66fc810}: 'java.lang.Object java.lang.invoke.DirectMethodHandle$Holder.invokeStaticInit(java.lang.Object, int, int, int, int)'> (0x00000000c66fc810) 
thrown [c:\jenkins\workspace\zulu17-build-win64\zulu-src.git\src\hotspot\share\interpreter\linkResolver.cpp, line 766]
Event: 6.422 Thread 0x000001fbbc344830 Implicit null exception at 0x000001fbcb909ff2 to 0x000001fbcb90a630
Event: 6.422 Thread 0x000001fbbc344830 Implicit null exception at 0x000001fbcb9054f2 to 0x000001fbcb905b48
Event: 6.872 Thread 0x000001fbbc344830 Exception <a 'java/lang/NoSuchMethodError'{0x00000000c609a500}: 'void java.lang.invoke.DirectMethodHandle$Holder.invokeSpecial(java.lang.Object, java.lang.Object, java.lang.Object, java.lang.Object, java.lang.Object)'> (0x00000000c609a500) 
thrown [c:\jenkins\workspace\zulu17-build-win64\zulu-src.git\src\hotspot\share\interpreter\linkResolver.cpp, line 766]
Event: 6.895 Thread 0x000001fbbc344830 Exception <a 'java/lang/NoSuchMethodError'{0x00000000c60b7b88}: 'void java.lang.invoke.DirectMethodHandle$Holder.invokeSpecial(java.lang.Object, java.lang.Object, java.lang.Object, java.lang.Object, java.lang.Object, java.lang.Object)'> (0x00000000c60b7b88) 
thrown [c:\jenkins\workspace\zulu17-build-win64\zulu-src.git\src\hotspot\share\interpreter\linkResolver.cpp, line 766]
Event: 7.238 Thread 0x000001fbbc344830 Exception <a 'java/lang/NoSuchMethodError'{0x00000000c5fb1550}: 'java.lang.Object java.lang.invoke.DirectMethodHandle$Holder.invokeVirtual(java.lang.Object, java.lang.Object, java.lang.Object)'> (0x00000000c5fb1550) 
thrown [c:\jenkins\workspace\zulu17-build-win64\zulu-src.git\src\hotspot\share\interpreter\linkResolver.cpp, line 766]
Event: 9.171 Thread 0x000001fbbc344830 Implicit null exception at 0x000001fbcb9e6aaf to 0x000001fbcb9e6b9c
Event: 9.171 Thread 0x000001fbbc344830 Implicit null exception at 0x000001fbcb986c6a to 0x000001fbcb986e30
Event: 9.171 Thread 0x000001fbbc344830 Implicit null exception at 0x000001fbcb9cac58 to 0x000001fbcb9cacee

VM Operations (20 events):
Event: 6.055 Executing VM operation: HandshakeAllThreads
Event: 6.055 Executing VM operation: HandshakeAllThreads done
Event: 6.235 Executing VM operation: HandshakeAllThreads
Event: 6.235 Executing VM operation: HandshakeAllThreads done
Event: 6.236 Executing VM operation: HandshakeAllThreads
Event: 6.236 Executing VM operation: HandshakeAllThreads done
Event: 6.896 Executing VM operation: ICBufferFull
Event: 6.896 Executing VM operation: ICBufferFull done
Event: 7.903 Executing VM operation: Cleanup
Event: 7.903 Executing VM operation: Cleanup done
Event: 8.221 Executing VM operation: G1CollectForAllocation
Event: 8.235 Executing VM operation: G1CollectForAllocation done
Event: 9.153 Executing VM operation: HandshakeAllThreads
Event: 9.153 Executing VM operation: HandshakeAllThreads done
Event: 9.178 Executing VM operation: ICBufferFull
Event: 9.178 Executing VM operation: ICBufferFull done
Event: 10.181 Executing VM operation: Cleanup
Event: 10.181 Executing VM operation: Cleanup done
Event: 10.790 Executing VM operation: G1CollectForAllocation
Event: 10.809 Executing VM operation: G1CollectForAllocation done

Events (20 events):
Event: 7.283 loading class sun/util/resources/LocaleData$CommonResourceBundleProvider
Event: 7.295 loading class sun/util/resources/LocaleData$LocaleDataResourceBundleProvider
Event: 7.310 loading class java/util/spi/ResourceBundleProvider
Event: 7.312 loading class java/util/spi/ResourceBundleProvider done
Event: 7.312 loading class sun/util/resources/LocaleData$LocaleDataResourceBundleProvider done
Event: 7.312 loading class sun/util/resources/LocaleData$CommonResourceBundleProvider done
Event: 7.312 loading class sun/util/resources/Bundles$2
Event: 7.332 loading class sun/util/resources/Bundles$2 done
Event: 7.720 loading class java/util/stream/Streams$RangeIntSpliterator
Event: 7.721 loading class java/util/stream/Streams$RangeIntSpliterator done
Event: 8.962 loading class java/util/stream/MatchOps$MatchKind
Event: 8.965 loading class java/util/stream/MatchOps$MatchKind done
Event: 8.965 loading class java/util/stream/MatchOps
Event: 8.966 loading class java/util/stream/MatchOps done
Event: 8.966 loading class java/util/stream/MatchOps$MatchOp
Event: 8.966 loading class java/util/stream/MatchOps$MatchOp done
Event: 8.966 loading class java/util/stream/MatchOps$BooleanTerminalSink
Event: 8.966 loading class java/util/stream/MatchOps$BooleanTerminalSink done
Event: 8.967 loading class java/util/stream/MatchOps$1MatchSink
Event: 8.967 loading class java/util/stream/MatchOps$1MatchSink done


Dynamic libraries:
0x00007ff6583e0000 - 0x00007ff6583ee000 	C:\Program Files\Java\zulu17.32.13-ca-jdk17.0.2-win_x64\bin\java.exe
0x00007fff59d90000 - 0x00007fff59fa7000 	C:\WINDOWS\SYSTEM32\ntdll.dll
0x00007fff57a30000 - 0x00007fff57af4000 	C:\WINDOWS\System32\KERNEL32.DLL
0x00007fff56e90000 - 0x00007fff57263000 	C:\WINDOWS\System32\KERNELBASE.dll
0x00007fff57890000 - 0x00007fff579a1000 	C:\WINDOWS\System32\ucrtbase.dll
0x00007fff17fa0000 - 0x00007fff17fbb000 	C:\Program Files\Java\zulu17.32.13-ca-jdk17.0.2-win_x64\bin\VCRUNTIME140.dll
0x00007fff17440000 - 0x00007fff17458000 	C:\Program Files\Java\zulu17.32.13-ca-jdk17.0.2-win_x64\bin\jli.dll
0x00007fff592a0000 - 0x00007fff59451000 	C:\WINDOWS\System32\USER32.dll
0x00007fff577c0000 - 0x00007fff577e6000 	C:\WINDOWS\System32\win32u.dll
0x00007fff59c50000 - 0x00007fff59c79000 	C:\WINDOWS\System32\GDI32.dll
0x00007fff44310000 - 0x00007fff445ab000 	C:\WINDOWS\WinSxS\amd64_microsoft.windows.common-controls_6595b64144ccf1df_6.0.22621.5262_none_2712bde373830908\COMCTL32.dll
0x00007fff575e0000 - 0x00007fff57702000 	C:\WINDOWS\System32\gdi32full.dll
0x00007fff587b0000 - 0x00007fff58857000 	C:\WINDOWS\System32\msvcrt.dll
0x00007fff577f0000 - 0x00007fff5788a000 	C:\WINDOWS\System32\msvcp_win.dll
0x00007fff58e90000 - 0x00007fff58ec1000 	C:\WINDOWS\System32\IMM32.DLL
0x00007fff40a20000 - 0x00007fff40a2c000 	C:\Program Files\Java\zulu17.32.13-ca-jdk17.0.2-win_x64\bin\vcruntime140_1.dll
0x00007ffeeff90000 - 0x00007ffef001d000 	C:\Program Files\Java\zulu17.32.13-ca-jdk17.0.2-win_x64\bin\msvcp140.dll
0x00007ffe92960000 - 0x00007ffe935c0000 	C:\Program Files\Java\zulu17.32.13-ca-jdk17.0.2-win_x64\bin\server\jvm.dll
0x00007fff591e0000 - 0x00007fff59291000 	C:\WINDOWS\System32\ADVAPI32.dll
0x00007fff58de0000 - 0x00007fff58e87000 	C:\WINDOWS\System32\sechost.dll
0x00007fff57790000 - 0x00007fff577b8000 	C:\WINDOWS\System32\bcrypt.dll
0x00007fff58fe0000 - 0x00007fff590f4000 	C:\WINDOWS\System32\RPCRT4.dll
0x00007fff58dc0000 - 0x00007fff58dc8000 	C:\WINDOWS\System32\PSAPI.DLL
0x00007fff4f710000 - 0x00007fff4f744000 	C:\WINDOWS\SYSTEM32\WINMM.dll
0x00007fff06400000 - 0x00007fff06409000 	C:\WINDOWS\SYSTEM32\WSOCK32.dll
0x00007fff59540000 - 0x00007fff595b1000 	C:\WINDOWS\System32\WS2_32.dll
0x00007fff4e020000 - 0x00007fff4e02a000 	C:\WINDOWS\SYSTEM32\VERSION.dll
0x00007fff55ed0000 - 0x00007fff55ee8000 	C:\WINDOWS\SYSTEM32\kernel.appcore.dll
0x00007fff407b0000 - 0x00007fff407ba000 	C:\Program Files\Java\zulu17.32.13-ca-jdk17.0.2-win_x64\bin\jimage.dll
0x00007fff54830000 - 0x00007fff54a62000 	C:\WINDOWS\SYSTEM32\DBGHELP.DLL
0x00007fff58a20000 - 0x00007fff58db3000 	C:\WINDOWS\System32\combase.dll
0x00007fff59100000 - 0x00007fff591d7000 	C:\WINDOWS\System32\OLEAUT32.dll
0x00007fff05e10000 - 0x00007fff05e42000 	C:\WINDOWS\SYSTEM32\dbgcore.DLL
0x00007fff57710000 - 0x00007fff5778b000 	C:\WINDOWS\System32\bcryptPrimitives.dll
0x00007fff10e10000 - 0x00007fff10e35000 	C:\Program Files\Java\zulu17.32.13-ca-jdk17.0.2-win_x64\bin\java.dll
0x00007ffeeee50000 - 0x00007ffeeef27000 	C:\Program Files\Java\zulu17.32.13-ca-jdk17.0.2-win_x64\bin\jsvml.dll
0x00007fff57b70000 - 0x00007fff5840d000 	C:\WINDOWS\System32\SHELL32.dll
0x00007fff573e0000 - 0x00007fff5751f000 	C:\WINDOWS\System32\wintypes.dll
0x00007fff54dd0000 - 0x00007fff556ed000 	C:\WINDOWS\SYSTEM32\windows.storage.dll
0x00007fff58ed0000 - 0x00007fff58fdb000 	C:\WINDOWS\System32\SHCORE.dll
0x00007fff57b00000 - 0x00007fff57b66000 	C:\WINDOWS\System32\shlwapi.dll
0x00007fff56dc0000 - 0x00007fff56deb000 	C:\WINDOWS\SYSTEM32\profapi.dll
0x00007fff164a0000 - 0x00007fff164b9000 	C:\Program Files\Java\zulu17.32.13-ca-jdk17.0.2-win_x64\bin\net.dll
0x00007fff50a70000 - 0x00007fff50b9c000 	C:\WINDOWS\SYSTEM32\WINHTTP.dll
0x00007fff56350000 - 0x00007fff563ba000 	C:\WINDOWS\system32\mswsock.dll
0x00007fff152b0000 - 0x00007fff152c6000 	C:\Program Files\Java\zulu17.32.13-ca-jdk17.0.2-win_x64\bin\nio.dll
0x00007fff11f90000 - 0x00007fff11fa8000 	C:\Program Files\Java\zulu17.32.13-ca-jdk17.0.2-win_x64\bin\zip.dll
0x00007fff0ef20000 - 0x00007fff0ef44000 	C:\Users\Paty\.m2\wrapper\dists\apache-maven-3.9.9\977a63e90f436cd6ade95b4c0e10c20c\lib\jansi-native\Windows\x86_64\jansi.dll
0x00007fff40360000 - 0x00007fff40370000 	C:\Program Files\Java\zulu17.32.13-ca-jdk17.0.2-win_x64\bin\verify.dll

dbghelp: loaded successfully - version: 4.0.5 - missing functions: none
symbol engine: initialized successfully - sym options: 0x614 - pdb path: .;C:\Program Files\Java\zulu17.32.13-ca-jdk17.0.2-win_x64\bin;C:\WINDOWS\SYSTEM32;C:\WINDOWS\WinSxS\amd64_microsoft.windows.common-controls_6595b64144ccf1df_6.0.22621.5262_none_2712bde373830908;C:\Program Files\Java\zulu17.32.13-ca-jdk17.0.2-win_x64\bin\server;C:\Users\Paty\.m2\wrapper\dists\apache-maven-3.9.9\977a63e90f436cd6ade95b4c0e10c20c\lib\jansi-native\Windows\x86_64

VM Arguments:
jvm_args: -Dclassworlds.conf=C:\Users\Paty\.m2\wrapper\dists\apache-maven-3.9.9\977a63e90f436cd6ade95b4c0e10c20c\bin\m2.conf -Dmaven.home=C:\Users\Paty\.m2\wrapper\dists\apache-maven-3.9.9\977a63e90f436cd6ade95b4c0e10c20c -Dlibrary.jansi.path=C:\Users\Paty\.m2\wrapper\dists\apache-maven-3.9.9\977a63e90f436cd6ade95b4c0e10c20c\lib\jansi-native -Dmaven.multiModuleProjectDirectory=C:\Users\Paty\conversormoeda 
java_command: org.codehaus.plexus.classworlds.launcher.Launcher spring-boot:run
java_class_path (initial): C:\Users\Paty\.m2\wrapper\dists\apache-maven-3.9.9\977a63e90f436cd6ade95b4c0e10c20c\boot\plexus-classworlds-2.8.0.jar
Launcher Type: SUN_STANDARD

[Global flags]
     intx CICompilerCount                          = 3                                         {product} {ergonomic}
     uint ConcGCThreads                            = 1                                         {product} {ergonomic}
     uint G1ConcRefinementThreads                  = 4                                         {product} {ergonomic}
   size_t G1HeapRegionSize                         = 1048576                                   {product} {ergonomic}
    uintx GCDrainStackTargetSize                   = 64                                        {product} {ergonomic}
   size_t InitialHeapSize                          = 65011712                                  {product} {ergonomic}
   size_t MarkStackSize                            = 4194304                                   {product} {ergonomic}
   size_t MaxHeapSize                              = 1012924416                                {product} {ergonomic}
   size_t MaxNewSize                               = 607125504                                 {product} {ergonomic}
   size_t MinHeapDeltaBytes                        = 1048576                                   {product} {ergonomic}
   size_t MinHeapSize                              = 8388608                                   {product} {ergonomic}
    uintx NonNMethodCodeHeapSize                   = 5832780                                {pd product} {ergonomic}
    uintx NonProfiledCodeHeapSize                  = 122912730                              {pd product} {ergonomic}
    uintx ProfiledCodeHeapSize                     = 122912730                              {pd product} {ergonomic}
    uintx ReservedCodeCacheSize                    = 251658240                              {pd product} {ergonomic}
     bool SegmentedCodeCache                       = true                                      {product} {ergonomic}
   size_t SoftMaxHeapSize                          = 1012924416                             {manageable} {ergonomic}
     bool UseCompressedClassPointers               = true                           {product lp64_product} {ergonomic}
     bool UseCompressedOops                        = true                           {product lp64_product} {ergonomic}
     bool UseG1GC                                  = true                                      {product} {ergonomic}
     bool UseLargePagesIndividualAllocation        = false                                  {pd product} {ergonomic}

Logging:
Log output configuration:
 #0: stdout all=warning uptime,level,tags
 #1: stderr all=off uptime,level,tags

Environment Variables:
JAVA_HOME=C:\Program Files\Java\zulu17.32.13-ca-jdk17.0.2-win_x64
PATH=C:\Program Files\Microsoft MPI\Bin\;C:\Program Files\Java\zulu17.32.13-ca-jdk17.0.2-win_x64\bin;C:\WINDOWS\system32;C:\WINDOWS;C:\WINDOWS\System32\Wbem;C:\WINDOWS\System32\WindowsPowerShell\v1.0\;C:\WINDOWS\System32\OpenSSH\;C:\Program Files\dotnet\;C:\Program Files (x86)\Microsoft SQL Server\150\Tools\Binn\;C:\Program Files\Microsoft SQL Server\150\Tools\Binn\;C:\Program Files (x86)\Microsoft SQL Server\150\DTS\Binn\;C:\Program Files\Microsoft SQL Server\150\DTS\Binn\;C:\Program Files\Microsoft SQL Server\Client SDK\ODBC\170\Tools\Binn\;C:\Program Files\Azure Data Studio\bin;C:\Program Files\Git\cmd;C:\Users\Paty\AppData\Local\Microsoft\WindowsApps;C:\Program Files\Azure Data Studio\bin;C:\Users\Paty\AppData\Local\Programs\Microsoft VS Code\bin;C:\Users\Paty\AppData\Local\GitHubDesktop\bin;C:\Program Files\JetBrains\IntelliJ IDEA 2025.1\bin;
USERNAME=Paty
OS=Windows_NT
PROCESSOR_IDENTIFIER=Intel64 Family 6 Model 126 Stepping 5, GenuineIntel



---------------  S Y S T E M  ---------------

OS:
 Windows 11 , 64 bit Build 22621 (10.0.22621.5262)
OS uptime: 12 days 12:30 hours

CPU: total 4 (initial active 4) (2 cores per cpu, 2 threads per core) family 6 model 126 stepping 5 microcode 0xc6, cx8, cmov, fxsr, ht, mmx, 3dnowpref, sse, sse2, sse3, ssse3, sse4.1, sse4.2, popcnt, lzcnt, tsc, tscinvbit, avx, avx2, aes, erms, clmul, bmi1, bmi2, adx, avx512f, avx512dq, avx512cd, avx512bw, avx512vl, sha, fma, vzeroupper, avx512_vpopcntdq, avx512_vpclmulqdq, avx512_vaes, avx512_vnni, clflush, clflushopt, avx512_vbmi2, avx512_vbmi

Memory: 4k page, system-wide physical 3862M (91M free)
TotalPageFile size 15638M (AvailPageFile size 4M)
current process WorkingSet (physical memory assigned to process): 132M, peak: 134M
current process commit charge ("private bytes"): 179M, peak: 180M

vm_info: OpenJDK 64-Bit Server VM (17.0.2+8-LTS) for windows-amd64 JRE (17.0.2+8-LTS) (Zulu17.32+13-CA), built on Jan  8 2022 13:06:16 by "zulu_re" with MS VC++ 16.10 / 16.11 (VS2019)

END.
